# JRE version: Java(TM) SE Runtime Environment (8.0_212-b10) (build 1.8.0_212-b10)
# Java VM: Java HotSpot(TM) 64-Bit Server VM (25.212-b10 mixed mode windows-amd64 compressed oops)
Heap:
 PSYoungGen      total 406528K, used 47809K [0x00000000d6300000, 0x00000000f2c80000, 0x0000000100000000)
  eden space 390656K, 12% used [0x00000000d6300000,0x00000000d91b07e8,0x00000000ee080000)
  from space 15872K, 0% used [0x00000000ef080000,0x00000000ef080000,0x00000000f0000000)
  to   space 16384K, 0% used [0x00000000ee080000,0x00000000ee080000,0x00000000ef080000)
 ParOldGen       total 102912K, used 23295K [0x0000000082800000, 0x0000000088c80000, 0x00000000d6300000)
  object space 102912K, 22% used [0x0000000082800000,0x0000000083ebfd88,0x0000000088c80000)
 Metaspace       used 57201K, capacity 59758K, committed 59864K, reserved 1101824K
  class space    used 7854K, capacity 8325K, committed 8408K, reserved 1048576K
GC Heap History (10 events):
Event: 4.872 GC heap before
{Heap before GC invocations=11 (full 2):
 PSYoungGen      total 233984K, used 10363K [0x00000000d6300000, 0x00000000eaf00000, 0x0000000100000000)
  eden space 222208K, 0% used [0x00000000d6300000,0x00000000d6300000,0x00000000e3c00000)
  from space 11776K, 88% used [0x00000000e3c00000,0x00000000e461edc8,0x00000000e4780000)
  to   space 12800K, 0% used [0x00000000ea280000,0x00000000ea280000,0x00000000eaf00000)
 ParOldGen       total 50176K, used 8534K [0x0000000082800000, 0x0000000085900000, 0x00000000d6300000)
  object space 50176K, 17% used [0x0000000082800000,0x0000000083055b30,0x0000000085900000)
 Metaspace       used 34074K, capacity 35372K, committed 35416K, reserved 1079296K
  class space    used 4407K, capacity 4672K, committed 4696K, reserved 1048576K
Event: 4.917 GC heap after
Heap after GC invocations=11 (full 2):
 PSYoungGen      total 233984K, used 0K [0x00000000d6300000, 0x00000000eaf00000, 0x0000000100000000)
  eden space 222208K, 0% used [0x00000000d6300000,0x00000000d6300000,0x00000000e3c00000)
  from space 11776K, 0% used [0x00000000e3c00000,0x00000000e3c00000,0x00000000e4780000)
  to   space 12800K, 0% used [0x00000000ea280000,0x00000000ea280000,0x00000000eaf00000)
 ParOldGen       total 76288K, used 15618K [0x0000000082800000, 0x0000000087280000, 0x00000000d6300000)
  object space 76288K, 20% used [0x0000000082800000,0x0000000083740b50,0x0000000087280000)
 Metaspace       used 34074K, capacity 35372K, committed 35416K, reserved 1079296K
  class space    used 4407K, capacity 4672K, committed 4696K, reserved 1048576K
}
Event: 6.619 GC heap before
{Heap before GC invocations=12 (full 2):
 PSYoungGen      total 233984K, used 222208K [0x00000000d6300000, 0x00000000eaf00000, 0x0000000100000000)
  eden space 222208K, 100% used [0x00000000d6300000,0x00000000e3c00000,0x00000000e3c00000)
  from space 11776K, 0% used [0x00000000e3c00000,0x00000000e3c00000,0x00000000e4780000)
  to   space 12800K, 0% used [0x00000000ea280000,0x00000000ea280000,0x00000000eaf00000)
 ParOldGen       total 76288K, used 15618K [0x0000000082800000, 0x0000000087280000, 0x00000000d6300000)
  object space 76288K, 20% used [0x0000000082800000,0x0000000083740b50,0x0000000087280000)
 Metaspace       used 45436K, capacity 46842K, committed 47064K, reserved 1089536K
  class space    used 6073K, capacity 6359K, committed 6360K, reserved 1048576K
Event: 6.630 GC heap after
Heap after GC invocations=12 (full 2):
 PSYoungGen      total 309760K, used 12784K [0x00000000d6300000, 0x00000000eaf00000, 0x0000000100000000)
  eden space 296960K, 0% used [0x00000000d6300000,0x00000000d6300000,0x00000000e8500000)
  from space 12800K, 99% used [0x00000000ea280000,0x00000000eaefc208,0x00000000eaf00000)
  to   space 14336K, 0% used [0x00000000e9300000,0x00000000e9300000,0x00000000ea100000)
 ParOldGen       total 76288K, used 16082K [0x0000000082800000, 0x0000000087280000, 0x00000000d6300000)
  object space 76288K, 21% used [0x0000000082800000,0x00000000837b4bb8,0x0000000087280000)
 Metaspace       used 45436K, capacity 46842K, committed 47064K, reserved 1089536K
  class space    used 6073K, capacity 6359K, committed 6360K, reserved 1048576K
}
Event: 8.453 GC heap before
{Heap before GC invocations=13 (full 2):
 PSYoungGen      total 309760K, used 309744K [0x00000000d6300000, 0x00000000eaf00000, 0x0000000100000000)
  eden space 296960K, 100% used [0x00000000d6300000,0x00000000e8500000,0x00000000e8500000)
  from space 12800K, 99% used [0x00000000ea280000,0x00000000eaefc208,0x00000000eaf00000)
  to   space 14336K, 0% used [0x00000000e9300000,0x00000000e9300000,0x00000000ea100000)
 ParOldGen       total 76288K, used 16082K [0x0000000082800000, 0x0000000087280000, 0x00000000d6300000)
  object space 76288K, 21% used [0x0000000082800000,0x00000000837b4bb8,0x0000000087280000)
 Metaspace       used 56114K, capacity 58638K, committed 58840K, reserved 1099776K
  class space    used 7664K, capacity 8103K, committed 8152K, reserved 1048576K
Event: 8.468 GC heap after
Heap after GC invocations=13 (full 2):
 PSYoungGen      total 325632K, used 13940K [0x00000000d6300000, 0x00000000f0000000, 0x0000000100000000)
  eden space 311296K, 0% used [0x00000000d6300000,0x00000000d6300000,0x00000000e9300000)
  from space 14336K, 97% used [0x00000000e9300000,0x00000000ea09d2c0,0x00000000ea100000)
  to   space 15872K, 0% used [0x00000000ef080000,0x00000000ef080000,0x00000000f0000000)
 ParOldGen       total 76288K, used 20466K [0x0000000082800000, 0x0000000087280000, 0x00000000d6300000)
  object space 76288K, 26% used [0x0000000082800000,0x0000000083bfc910,0x0000000087280000)
 Metaspace       used 56114K, capacity 58638K, committed 58840K, reserved 1099776K
  class space    used 7664K, capacity 8103K, committed 8152K, reserved 1048576K
}
Event: 8.618 GC heap before
{Heap before GC invocations=14 (full 2):
 PSYoungGen      total 325632K, used 46610K [0x00000000d6300000, 0x00000000f0000000, 0x0000000100000000)
  eden space 311296K, 10% used [0x00000000d6300000,0x00000000d82e7718,0x00000000e9300000)
  from space 14336K, 97% used [0x00000000e9300000,0x00000000ea09d2c0,0x00000000ea100000)
  to   space 15872K, 0% used [0x00000000ef080000,0x00000000ef080000,0x00000000f0000000)
 ParOldGen       total 76288K, used 20466K [0x0000000082800000, 0x0000000087280000, 0x00000000d6300000)
  object space 76288K, 26% used [0x0000000082800000,0x0000000083bfc910,0x0000000087280000)
 Metaspace       used 56485K, capacity 58972K, committed 59028K, reserved 1099776K
  class space    used 7707K, capacity 8144K, committed 8152K, reserved 1048576K
Event: 8.628 GC heap after
Heap after GC invocations=14 (full 2):
 PSYoungGen      total 406528K, used 1283K [0x00000000d6300000, 0x00000000f2c80000, 0x0000000100000000)
  eden space 390656K, 0% used [0x00000000d6300000,0x00000000d6300000,0x00000000ee080000)
  from space 15872K, 8% used [0x00000000ef080000,0x00000000ef1c0eb8,0x00000000f0000000)
  to   space 16384K, 0% used [0x00000000ee080000,0x00000000ee080000,0x00000000ef080000)
 ParOldGen       total 76288K, used 26342K [0x0000000082800000, 0x0000000087280000, 0x00000000d6300000)
  object space 76288K, 34% used [0x0000000082800000,0x00000000841b9940,0x0000000087280000)
 Metaspace       used 56485K, capacity 58972K, committed 59028K, reserved 1099776K
  class space    used 7707K, capacity 8144K, committed 8152K, reserved 1048576K
}
Event: 8.628 GC heap before
{Heap before GC invocations=15 (full 3):
 PSYoungGen      total 406528K, used 1283K [0x00000000d6300000, 0x00000000f2c80000, 0x0000000100000000)
  eden space 390656K, 0% used [0x00000000d6300000,0x00000000d6300000,0x00000000ee080000)
  from space 15872K, 8% used [0x00000000ef080000,0x00000000ef1c0eb8,0x00000000f0000000)
  to   space 16384K, 0% used [0x00000000ee080000,0x00000000ee080000,0x00000000ef080000)
 ParOldGen       total 76288K, used 26342K [0x0000000082800000, 0x0000000087280000, 0x00000000d6300000)
  object space 76288K, 34% used [0x0000000082800000,0x00000000841b9940,0x0000000087280000)
 Metaspace       used 56485K, capacity 58972K, committed 59028K, reserved 1099776K
  class space    used 7707K, capacity 8144K, committed 8152K, reserved 1048576K
Event: 8.790 GC heap after
Heap after GC invocations=15 (full 3):
 PSYoungGen      total 406528K, used 0K [0x00000000d6300000, 0x00000000f2c80000, 0x0000000100000000)
  eden space 390656K, 0% used [0x00000000d6300000,0x00000000d6300000,0x00000000ee080000)
  from space 15872K, 0% used [0x00000000ef080000,0x00000000ef080000,0x00000000f0000000)
  to   space 16384K, 0% used [0x00000000ee080000,0x00000000ee080000,0x00000000ef080000)
 ParOldGen       total 102912K, used 23295K [0x0000000082800000, 0x0000000088c80000, 0x00000000d6300000)
  object space 102912K, 22% used [0x0000000082800000,0x0000000083ebfd88,0x0000000088c80000)
 Metaspace       used 56485K, capacity 58972K, committed 59028K, reserved 1099776K
  class space    used 7707K, capacity 8144K, committed 8152K, reserved 1048576K
}

